<?xml version="1.0" encoding="UTF-8"?>
<!-- Generated by org.testng.reporters.JUnitReportReporter -->
<testsuite hostname="MSI" failures="0" tests="1" name="com.firstapp.SamsungRealDeviceSwiggy" time="47.714" errors="0" timestamp="2022-07-12T23:03:28 IST" skipped="0">
  <testcase classname="com.firstapp.SamsungRealDeviceSwiggy" name="test" time="47.714"/>
  <system-out/>
</testsuite> <!-- com.firstapp.SamsungRealDeviceSwiggy -->
