<?xml version="1.0" encoding="UTF-8"?>
<!-- Generated by org.testng.reporters.JUnitReportReporter -->
<testsuite hostname="MSI" failures="0" tests="1" name="com.firstapp.AllComponentsTest" time="10.424" errors="0" timestamp="2022-06-27T21:51:41 IST" skipped="0">
  <testcase classname="com.firstapp.AllComponentsTest" name="f" time="10.424"/>
  <system-out/>
</testsuite> <!-- com.firstapp.AllComponentsTest -->
