<?xml version="1.0" encoding="UTF-8"?>
<!-- Generated by org.testng.reporters.JUnitReportReporter -->
<testsuite hostname="MSI" failures="0" tests="1" name="com.realdevice.FirstTapScript" time="15.747" errors="0" timestamp="2022-07-12T23:22:59 IST" skipped="0">
  <testcase classname="com.realdevice.FirstTapScript" name="f" time="15.747"/>
  <system-out/>
</testsuite> <!-- com.realdevice.FirstTapScript -->
