<?xml version="1.0" encoding="UTF-8"?>
<!-- Generated by org.testng.reporters.JUnitReportReporter -->
<testsuite hostname="MSI" failures="0" tests="1" name="com.tapmethods.FirstTapScript" time="12.068" errors="0" timestamp="2022-07-14T16:56:34 IST" skipped="0">
  <testcase classname="com.tapmethods.FirstTapScript" name="f" time="12.068"/>
  <system-out/>
</testsuite> <!-- com.tapmethods.FirstTapScript -->
