<?xml version="1.0" encoding="UTF-8"?>
<!-- Generated by org.testng.reporters.JUnitReportReporter -->
<testsuite hostname="MSI" failures="0" tests="1" name="com.web.Rediff" time="18.144" errors="0" timestamp="2022-07-17T15:16:41 IST" skipped="0">
  <testcase classname="com.web.Rediff" name="testMethod" time="18.144"/>
  <system-out/>
</testsuite> <!-- com.web.Rediff -->
