<?xml version="1.0" encoding="UTF-8"?>
<!-- Generated by org.testng.reporters.JUnitReportReporter -->
<testsuite hostname="MSI" failures="0" tests="1" name="com.swiggy.FirstTapScriptOnSample" time="14.129" errors="0" timestamp="2022-07-17T15:50:11 IST" skipped="0">
  <testcase classname="com.swiggy.FirstTapScriptOnSample" name="f" time="14.129"/>
  <system-out/>
</testsuite> <!-- com.swiggy.FirstTapScriptOnSample -->
