<?xml version="1.0" encoding="UTF-8"?>
<!-- Generated by org.testng.reporters.JUnitReportReporter -->
<testsuite hostname="MSI" failures="0" tests="1" name="com.realdevice.FirstTestOnRealDevice" time="17.966" errors="0" timestamp="2022-07-08T15:50:34 IST" skipped="0">
  <testcase classname="com.realdevice.FirstTestOnRealDevice" name="test" time="17.966"/>
  <system-out/>
</testsuite> <!-- com.realdevice.FirstTestOnRealDevice -->
