<?xml version="1.0" encoding="UTF-8"?>
<!-- Generated by org.testng.reporters.JUnitReportReporter -->
<testsuite hostname="MSI" failures="0" tests="1" name="com.firstapp.ActualTest" time="4.735" errors="0" timestamp="2022-06-27T21:49:18 IST" skipped="0">
  <testcase classname="com.firstapp.ActualTest" name="f" time="4.735"/>
  <system-out/>
</testsuite> <!-- com.firstapp.ActualTest -->
