<?xml version="1.0" encoding="UTF-8"?>
<!-- Generated by org.testng.reporters.JUnitReportReporter -->
<testsuite hostname="MSI" failures="0" tests="1" name="com.tapmethods.AndroidUIAutomatorScrollIntoView" time="13.913" errors="0" timestamp="2022-07-17T16:10:31 IST" skipped="0">
  <testcase classname="com.tapmethods.AndroidUIAutomatorScrollIntoView" name="f" time="13.913"/>
  <system-out/>
</testsuite> <!-- com.tapmethods.AndroidUIAutomatorScrollIntoView -->
