<?xml version="1.0" encoding="UTF-8"?>
<!-- Generated by org.testng.reporters.JUnitReportReporter -->
<testsuite hostname="MSI" failures="0" tests="1" name="com.firstapp.SecondTest" time="10.820" errors="0" timestamp="2022-06-22T22:13:18 IST" skipped="0">
  <testcase classname="com.firstapp.SecondTest" name="test" time="10.820"/>
  <system-out/>
</testsuite> <!-- com.firstapp.SecondTest -->
