<?xml version="1.0" encoding="UTF-8"?>
<!-- Generated by org.testng.reporters.JUnitReportReporter -->
<testsuite hostname="MSI" failures="0" tests="1" name="com.uiautomatoroption.SkyScannerAppTest" time="2.595" errors="1" timestamp="2022-07-06T19:38:00 IST" skipped="0">
  <testcase classname="com.uiautomatoroption.SkyScannerAppTest" name="f" time="2.595">
    <error message="Could not start a new session. Response code 500. Message: An unknown server-side error occurred while processing the command. Original error: Error executing adbExec. Original error: &#039;Command &#039;C:\\Users\\gopve\\AppData\\Local\\Android\\Sdk\\platform-tools\\adb.exe -P 5037 -s emulator-5554 install C:\\Users\\gopve\\eclipse-workspace\\mobileautomation\\apks\\skyscanner.apk&#039; exited with code 1&#039;; Command output: adb: failed to install C:\Users\gopve\eclipse-workspace\mobileautomation\apks\skyscanner.apk: 
Exception occurred while executing &#039;install&#039;:
android.os.ParcelableException: java.io.IOException: Requested internal only, but not enough space
	at android.util.ExceptionUtils.wrap(ExceptionUtils.java:34)
	at com.android.server.pm.PackageInstallerService.createSession(PackageInstallerService.java:595)
	at com.android.server.pm.PackageManagerShellCommand.doCreateSession(PackageManagerShellCommand.java:3416)
	at com.android.server.pm.PackageManagerShellCommand.doRunInstall(PackageManagerShellCommand.java:1
Build info: version: &#039;4.3.0&#039;, revision: &#039;a4995e2c09*&#039;
System info: host: &#039;MSI&#039;, ip: &#039;192.168.1.10&#039;, os.name: &#039;Windows 10&#039;, os.arch: &#039;amd64&#039;, os.version: &#039;10.0&#039;, java.version: &#039;11.0.12&#039;
Driver info: io.appium.java_client.AppiumDriver
Command: [null, newSession {capabilities=[{appium:deviceName=Pixel5API33, platformName=ANDROID, appium:automationName=uiautomator2, appium:app=C:\Users\gopve\eclipse-workspace\mobileautomation\apks\skyscanner.apk}], desiredCapabilities=Capabilities {appium:app: C:\Users\gopve\eclipse-work..., appium:automationName: uiautomator2, appium:deviceName: Pixel5API33, platformName: ANDROID}}]
Capabilities {}" type="org.openqa.selenium.SessionNotCreatedException">
      <![CDATA[org.openqa.selenium.SessionNotCreatedException: Could not start a new session. Response code 500. Message: An unknown server-side error occurred while processing the command. Original error: Error executing adbExec. Original error: 'Command 'C:\\Users\\gopve\\AppData\\Local\\Android\\Sdk\\platform-tools\\adb.exe -P 5037 -s emulator-5554 install C:\\Users\\gopve\\eclipse-workspace\\mobileautomation\\apks\\skyscanner.apk' exited with code 1'; Command output: adb: failed to install C:\Users\gopve\eclipse-workspace\mobileautomation\apks\skyscanner.apk: 
Exception occurred while executing 'install':
android.os.ParcelableException: java.io.IOException: Requested internal only, but not enough space
at android.util.ExceptionUtils.wrap(ExceptionUtils.java:34)
at com.android.server.pm.PackageInstallerService.createSession(PackageInstallerService.java:595)
at com.android.server.pm.PackageManagerShellCommand.doCreateSession(PackageManagerShellCommand.java:3416)
at com.android.server.pm.PackageManagerShellCommand.doRunInstall(PackageManagerShellCommand.java:1
Build info: version: '4.3.0', revision: 'a4995e2c09*'
System info: host: 'MSI', ip: '192.168.1.10', os.name: 'Windows 10', os.arch: 'amd64', os.version: '10.0', java.version: '11.0.12'
Driver info: io.appium.java_client.AppiumDriver
Command: [null, newSession {capabilities=[{appium:deviceName=Pixel5API33, platformName=ANDROID, appium:automationName=uiautomator2, appium:app=C:\Users\gopve\eclipse-workspace\mobileautomation\apks\skyscanner.apk}], desiredCapabilities=Capabilities {appium:app: C:\Users\gopve\eclipse-work..., appium:automationName: uiautomator2, appium:deviceName: Pixel5API33, platformName: ANDROID}}]
Capabilities {}
at org.openqa.selenium.remote.ProtocolHandshake.createSession(ProtocolHandshake.java:144)
at java.base/jdk.internal.reflect.NativeMethodAccessorImpl.invoke0(Native Method)
at java.base/jdk.internal.reflect.NativeMethodAccessorImpl.invoke(NativeMethodAccessorImpl.java:62)
at java.base/jdk.internal.reflect.DelegatingMethodAccessorImpl.invoke(DelegatingMethodAccessorImpl.java:43)
at java.base/java.lang.reflect.Method.invoke(Method.java:566)
at io.appium.java_client.remote.AppiumProtocolHandshake.createSession(AppiumProtocolHandshake.java:126)
at io.appium.java_client.remote.AppiumProtocolHandshake.createSession(AppiumProtocolHandshake.java:102)
at io.appium.java_client.remote.AppiumCommandExecutor.createSession(AppiumCommandExecutor.java:146)
at io.appium.java_client.remote.AppiumCommandExecutor.execute(AppiumCommandExecutor.java:180)
at org.openqa.selenium.remote.RemoteWebDriver.execute(RemoteWebDriver.java:569)
at io.appium.java_client.AppiumDriver.startSession(AppiumDriver.java:224)
at org.openqa.selenium.remote.RemoteWebDriver.<init>(RemoteWebDriver.java:179)
at io.appium.java_client.AppiumDriver.<init>(AppiumDriver.java:79)
at io.appium.java_client.AppiumDriver.<init>(AppiumDriver.java:87)
at com.uiautomatoroption.SkyScannerAppTest.f(SkyScannerAppTest.java:79)
at java.base/jdk.internal.reflect.NativeMethodAccessorImpl.invoke0(Native Method)
at java.base/jdk.internal.reflect.NativeMethodAccessorImpl.invoke(NativeMethodAccessorImpl.java:62)
at java.base/jdk.internal.reflect.DelegatingMethodAccessorImpl.invoke(DelegatingMethodAccessorImpl.java:43)
at java.base/java.lang.reflect.Method.invoke(Method.java:566)
at org.testng.internal.invokers.MethodInvocationHelper.invokeMethod(MethodInvocationHelper.java:139)
at org.testng.internal.invokers.TestInvoker.invokeMethod(TestInvoker.java:677)
at org.testng.internal.invokers.TestInvoker.invokeTestMethod(TestInvoker.java:221)
at org.testng.internal.invokers.MethodRunner.runInSequence(MethodRunner.java:50)
at org.testng.internal.invokers.TestInvoker$MethodInvocationAgent.invoke(TestInvoker.java:962)
at org.testng.internal.invokers.TestInvoker.invokeTestMethods(TestInvoker.java:194)
at org.testng.internal.invokers.TestMethodWorker.invokeTestMethods(TestMethodWorker.java:148)
at org.testng.internal.invokers.TestMethodWorker.run(TestMethodWorker.java:128)
at java.base/java.util.ArrayList.forEach(ArrayList.java:1541)
at org.testng.TestRunner.privateRun(TestRunner.java:806)
at org.testng.TestRunner.run(TestRunner.java:601)
at org.testng.SuiteRunner.runTest(SuiteRunner.java:433)
at org.testng.SuiteRunner.runSequentially(SuiteRunner.java:427)
at org.testng.SuiteRunner.privateRun(SuiteRunner.java:387)
at org.testng.SuiteRunner.run(SuiteRunner.java:330)
at org.testng.SuiteRunnerWorker.runSuite(SuiteRunnerWorker.java:52)
at org.testng.SuiteRunnerWorker.run(SuiteRunnerWorker.java:95)
at org.testng.TestNG.runSuitesSequentially(TestNG.java:1256)
at org.testng.TestNG.runSuitesLocally(TestNG.java:1176)
at org.testng.TestNG.runSuites(TestNG.java:1099)
at org.testng.TestNG.run(TestNG.java:1067)
at org.testng.remote.AbstractRemoteTestNG.run(AbstractRemoteTestNG.java:115)
at org.testng.remote.RemoteTestNG.initAndRun(RemoteTestNG.java:251)
at org.testng.remote.RemoteTestNG.main(RemoteTestNG.java:77)
]]>
    </error>
  </testcase> <!-- f -->
  <system-out/>
</testsuite> <!-- com.uiautomatoroption.SkyScannerAppTest -->
