<?xml version="1.0" encoding="UTF-8"?>
<!-- Generated by org.testng.reporters.JUnitReportReporter -->
<testsuite hostname="MSI" failures="0" tests="1" name="com.firstapp.CalculatorLaunch" time="11.301" errors="0" timestamp="2022-07-11T22:54:20 IST" skipped="0">
  <testcase classname="com.firstapp.CalculatorLaunch" name="test" time="11.301"/>
  <system-out/>
</testsuite> <!-- com.firstapp.CalculatorLaunch -->
