<?xml version="1.0" encoding="UTF-8"?>
<!-- Generated by org.testng.reporters.JUnitReportReporter -->
<testsuite hostname="MSI" failures="0" tests="1" name="com.tapmethods.ClockSetTimeUsingTouch" time="17.790" errors="0" timestamp="2022-07-17T21:53:22 IST" skipped="0">
  <testcase classname="com.tapmethods.ClockSetTimeUsingTouch" name="f" time="17.790"/>
  <system-out/>
</testsuite> <!-- com.tapmethods.ClockSetTimeUsingTouch -->
