<?xml version="1.0" encoding="UTF-8"?>
<!-- Generated by org.testng.reporters.JUnitReportReporter -->
<testsuite hostname="MSI" failures="0" tests="1" name="com.firstapp.ThirdTestForNewDevice" time="6.699" errors="0" timestamp="2022-06-23T15:26:54 IST" skipped="0">
  <testcase classname="com.firstapp.ThirdTestForNewDevice" name="test" time="6.699"/>
  <system-out/>
</testsuite> <!-- com.firstapp.ThirdTestForNewDevice -->
