<?xml version="1.0" encoding="UTF-8"?>
<!-- Generated by org.testng.reporters.JUnitReportReporter -->
<testsuite hostname="MSI" failures="0" tests="1" name="com.uiautomatoroption.UIAutomatorConfig" time="16.427" errors="0" timestamp="2022-07-06T14:58:52 IST" skipped="0">
  <testcase classname="com.uiautomatoroption.UIAutomatorConfig" name="f" time="16.427"/>
  <system-out/>
</testsuite> <!-- com.uiautomatoroption.UIAutomatorConfig -->
