<?xml version="1.0" encoding="UTF-8"?>
<!-- Generated by org.testng.reporters.JUnitReportReporter -->
<testsuite hostname="MSI" failures="0" tests="1" name="com.uiautomatoroption.SwipeUp" time="10.612" errors="0" timestamp="2022-07-06T19:34:12 IST" skipped="0">
  <testcase classname="com.uiautomatoroption.SwipeUp" name="f" time="10.612"/>
  <system-out/>
</testsuite> <!-- com.uiautomatoroption.SwipeUp -->
