<?xml version="1.0" encoding="UTF-8"?>
<!-- Generated by org.testng.reporters.JUnitReportReporter -->
<testsuite hostname="MSI" failures="0" tests="1" name="com.firstapp.SamsungRealDeviceCalculator" time="57.531" errors="0" timestamp="2022-07-12T22:27:13 IST" skipped="0">
  <testcase classname="com.firstapp.SamsungRealDeviceCalculator" name="test" time="57.531"/>
  <system-out/>
</testsuite> <!-- com.firstapp.SamsungRealDeviceCalculator -->
