<?xml version="1.0" encoding="UTF-8"?>
<!-- Generated by org.testng.reporters.JUnitReportReporter -->
<testsuite hostname="MSI" failures="0" tests="1" name="com.openapp.OpenAppAndWorkOnIt" time="4.965" errors="0" timestamp="2022-06-23T00:23:51 IST" skipped="0">
  <testcase classname="com.openapp.OpenAppAndWorkOnIt" name="f" time="4.965"/>
  <system-out/>
</testsuite> <!-- com.openapp.OpenAppAndWorkOnIt -->
