<?xml version="1.0" encoding="UTF-8"?>
<!-- Generated by org.testng.reporters.JUnitReportReporter -->
<testsuite hostname="MSI" failures="0" tests="1" name="com.swiggy.FirstTapScript" time="16.156" errors="0" timestamp="2022-07-12T23:07:32 IST" skipped="0">
  <testcase classname="com.swiggy.FirstTapScript" name="f" time="16.156"/>
  <system-out/>
</testsuite> <!-- com.swiggy.FirstTapScript -->
