<?xml version="1.0" encoding="UTF-8"?>
<!-- Generated by org.testng.reporters.JUnitReportReporter -->
<testsuite hostname="MSI" failures="0" tests="1" name="com.web.WebAppFacebook" time="9.806" errors="0" timestamp="2022-07-17T15:29:50 IST" skipped="0">
  <testcase classname="com.web.WebAppFacebook" name="testMethod" time="9.806"/>
  <system-out/>
</testsuite> <!-- com.web.WebAppFacebook -->
