<?xml version="1.0" encoding="UTF-8"?>
<!-- Generated by org.testng.reporters.JUnitReportReporter -->
<testsuite hostname="MSI" failures="0" tests="1" name="com.web.mfacebookWeb" time="7.980" errors="0" timestamp="2022-07-17T12:40:17 IST" skipped="0">
  <testcase classname="com.web.mfacebookWeb" name="testMethod" time="7.980"/>
  <system-out/>
</testsuite> <!-- com.web.mfacebookWeb -->
