<?xml version="1.0" encoding="UTF-8"?>
<!-- Generated by org.testng.reporters.JUnitReportReporter -->
<testsuite hostname="MSI" failures="0" tests="1" name="com.firstapp.FirstTest" time="4.628" errors="0" timestamp="2022-07-06T20:05:55 IST" skipped="0">
  <testcase classname="com.firstapp.FirstTest" name="test" time="4.628"/>
  <system-out/>
</testsuite> <!-- com.firstapp.FirstTest -->
